<?xml version="1.0" encoding="UTF-8"?>
<testsuite xmlns:xsi="http://www.w3.org/2001/XMLSchema-instance" xsi:noNamespaceSchemaLocation="https://maven.apache.org/surefire/maven-surefire-plugin/xsd/surefire-test-report-3.0.xsd" version="3.0" name="org.angrybee.website.publish.utils.FileUtilsTest" time="0.028" tests="2" errors="0" skipped="0" failures="0">
  <properties>
    <property name="java.specification.version" value="18"/>
    <property name="sun.jnu.encoding" value="UTF-8"/>
    <property name="java.class.path" value="/home/vissol/softs/dev-projects/website-publisher/target/test-classes:/home/vissol/softs/dev-projects/website-publisher/target/classes:/home/vissol/.m2/repository/org/apache/velocity/velocity/1.7/velocity-1.7.jar:/home/vissol/.m2/repository/commons-collections/commons-collections/3.2.1/commons-collections-3.2.1.jar:/home/vissol/.m2/repository/commons-lang/commons-lang/2.4/commons-lang-2.4.jar:/home/vissol/.m2/repository/org/jsoup/jsoup/1.14.3/jsoup-1.14.3.jar:/home/vissol/.m2/repository/com/vladsch/flexmark/flexmark-all/0.64.0/flexmark-all-0.64.0.jar:/home/vissol/.m2/repository/com/vladsch/flexmark/flexmark/0.64.0/flexmark-0.64.0.jar:/home/vissol/.m2/repository/com/vladsch/flexmark/flexmark-ext-abbreviation/0.64.0/flexmark-ext-abbreviation-0.64.0.jar:/home/vissol/.m2/repository/com/vladsch/flexmark/flexmark-util/0.64.0/flexmark-util-0.64.0.jar:/home/vissol/.m2/repository/com/vladsch/flexmark/flexmark-ext-admonition/0.64.0/flexmark-ext-admonition-0.64.0.jar:/home/vissol/.m2/repository/com/vladsch/flexmark/flexmark-ext-anchorlink/0.64.0/flexmark-ext-anchorlink-0.64.0.jar:/home/vissol/.m2/repository/com/vladsch/flexmark/flexmark-ext-aside/0.64.0/flexmark-ext-aside-0.64.0.jar:/home/vissol/.m2/repository/com/vladsch/flexmark/flexmark-ext-attributes/0.64.0/flexmark-ext-attributes-0.64.0.jar:/home/vissol/.m2/repository/com/vladsch/flexmark/flexmark-ext-autolink/0.64.0/flexmark-ext-autolink-0.64.0.jar:/home/vissol/.m2/repository/org/nibor/autolink/autolink/0.6.0/autolink-0.6.0.jar:/home/vissol/.m2/repository/com/vladsch/flexmark/flexmark-ext-definition/0.64.0/flexmark-ext-definition-0.64.0.jar:/home/vissol/.m2/repository/com/vladsch/flexmark/flexmark-ext-emoji/0.64.0/flexmark-ext-emoji-0.64.0.jar:/home/vissol/.m2/repository/com/vladsch/flexmark/flexmark-ext-enumerated-reference/0.64.0/flexmark-ext-enumerated-reference-0.64.0.jar:/home/vissol/.m2/repository/com/vladsch/flexmark/flexmark-ext-escaped-character/0.64.0/flexmark-ext-escaped-character-0.64.0.jar:/home/vissol/.m2/repository/com/vladsch/flexmark/flexmark-ext-footnotes/0.64.0/flexmark-ext-footnotes-0.64.0.jar:/home/vissol/.m2/repository/com/vladsch/flexmark/flexmark-ext-gfm-issues/0.64.0/flexmark-ext-gfm-issues-0.64.0.jar:/home/vissol/.m2/repository/com/vladsch/flexmark/flexmark-ext-gfm-strikethrough/0.64.0/flexmark-ext-gfm-strikethrough-0.64.0.jar:/home/vissol/.m2/repository/com/vladsch/flexmark/flexmark-ext-gfm-tasklist/0.64.0/flexmark-ext-gfm-tasklist-0.64.0.jar:/home/vissol/.m2/repository/com/vladsch/flexmark/flexmark-ext-gfm-users/0.64.0/flexmark-ext-gfm-users-0.64.0.jar:/home/vissol/.m2/repository/com/vladsch/flexmark/flexmark-ext-gitlab/0.64.0/flexmark-ext-gitlab-0.64.0.jar:/home/vissol/.m2/repository/com/vladsch/flexmark/flexmark-ext-jekyll-front-matter/0.64.0/flexmark-ext-jekyll-front-matter-0.64.0.jar:/home/vissol/.m2/repository/com/vladsch/flexmark/flexmark-ext-jekyll-tag/0.64.0/flexmark-ext-jekyll-tag-0.64.0.jar:/home/vissol/.m2/repository/com/vladsch/flexmark/flexmark-ext-media-tags/0.64.0/flexmark-ext-media-tags-0.64.0.jar:/home/vissol/.m2/repository/com/vladsch/flexmark/flexmark-ext-resizable-image/0.64.0/flexmark-ext-resizable-image-0.64.0.jar:/home/vissol/.m2/repository/com/vladsch/flexmark/flexmark-ext-macros/0.64.0/flexmark-ext-macros-0.64.0.jar:/home/vissol/.m2/repository/com/vladsch/flexmark/flexmark-ext-ins/0.64.0/flexmark-ext-ins-0.64.0.jar:/home/vissol/.m2/repository/com/vladsch/flexmark/flexmark-ext-xwiki-macros/0.64.0/flexmark-ext-xwiki-macros-0.64.0.jar:/home/vissol/.m2/repository/com/vladsch/flexmark/flexmark-ext-superscript/0.64.0/flexmark-ext-superscript-0.64.0.jar:/home/vissol/.m2/repository/com/vladsch/flexmark/flexmark-ext-tables/0.64.0/flexmark-ext-tables-0.64.0.jar:/home/vissol/.m2/repository/com/vladsch/flexmark/flexmark-ext-toc/0.64.0/flexmark-ext-toc-0.64.0.jar:/home/vissol/.m2/repository/com/vladsch/flexmark/flexmark-ext-typographic/0.64.0/flexmark-ext-typographic-0.64.0.jar:/home/vissol/.m2/repository/com/vladsch/flexmark/flexmark-ext-wikilink/0.64.0/flexmark-ext-wikilink-0.64.0.jar:/home/vissol/.m2/repository/com/vladsch/flexmark/flexmark-ext-yaml-front-matter/0.64.0/flexmark-ext-yaml-front-matter-0.64.0.jar:/home/vissol/.m2/repository/com/vladsch/flexmark/flexmark-ext-youtube-embedded/0.64.0/flexmark-ext-youtube-embedded-0.64.0.jar:/home/vissol/.m2/repository/com/vladsch/flexmark/flexmark-html2md-converter/0.64.0/flexmark-html2md-converter-0.64.0.jar:/home/vissol/.m2/repository/com/vladsch/flexmark/flexmark-jira-converter/0.64.0/flexmark-jira-converter-0.64.0.jar:/home/vissol/.m2/repository/com/vladsch/flexmark/flexmark-pdf-converter/0.64.0/flexmark-pdf-converter-0.64.0.jar:/home/vissol/.m2/repository/com/openhtmltopdf/openhtmltopdf-core/1.0.10/openhtmltopdf-core-1.0.10.jar:/home/vissol/.m2/repository/com/openhtmltopdf/openhtmltopdf-pdfbox/1.0.10/openhtmltopdf-pdfbox-1.0.10.jar:/home/vissol/.m2/repository/org/apache/pdfbox/pdfbox/2.0.24/pdfbox-2.0.24.jar:/home/vissol/.m2/repository/org/apache/pdfbox/fontbox/2.0.24/fontbox-2.0.24.jar:/home/vissol/.m2/repository/commons-logging/commons-logging/1.2/commons-logging-1.2.jar:/home/vissol/.m2/repository/org/apache/pdfbox/xmpbox/2.0.24/xmpbox-2.0.24.jar:/home/vissol/.m2/repository/de/rototor/pdfbox/graphics2d/0.32/graphics2d-0.32.jar:/home/vissol/.m2/repository/com/openhtmltopdf/openhtmltopdf-rtl-support/1.0.10/openhtmltopdf-rtl-support-1.0.10.jar:/home/vissol/.m2/repository/com/ibm/icu/icu4j/59.1/icu4j-59.1.jar:/home/vissol/.m2/repository/com/openhtmltopdf/openhtmltopdf-jsoup-dom-converter/1.0.0/openhtmltopdf-jsoup-dom-converter-1.0.0.jar:/home/vissol/.m2/repository/com/vladsch/flexmark/flexmark-profile-pegdown/0.64.0/flexmark-profile-pegdown-0.64.0.jar:/home/vissol/.m2/repository/com/vladsch/flexmark/flexmark-util-ast/0.64.0/flexmark-util-ast-0.64.0.jar:/home/vissol/.m2/repository/org/jetbrains/annotations/15.0/annotations-15.0.jar:/home/vissol/.m2/repository/com/vladsch/flexmark/flexmark-util-builder/0.64.0/flexmark-util-builder-0.64.0.jar:/home/vissol/.m2/repository/com/vladsch/flexmark/flexmark-util-collection/0.64.0/flexmark-util-collection-0.64.0.jar:/home/vissol/.m2/repository/com/vladsch/flexmark/flexmark-util-data/0.64.0/flexmark-util-data-0.64.0.jar:/home/vissol/.m2/repository/com/vladsch/flexmark/flexmark-util-dependency/0.64.0/flexmark-util-dependency-0.64.0.jar:/home/vissol/.m2/repository/com/vladsch/flexmark/flexmark-util-format/0.64.0/flexmark-util-format-0.64.0.jar:/home/vissol/.m2/repository/com/vladsch/flexmark/flexmark-util-html/0.64.0/flexmark-util-html-0.64.0.jar:/home/vissol/.m2/repository/com/vladsch/flexmark/flexmark-util-misc/0.64.0/flexmark-util-misc-0.64.0.jar:/home/vissol/.m2/repository/com/vladsch/flexmark/flexmark-util-options/0.64.0/flexmark-util-options-0.64.0.jar:/home/vissol/.m2/repository/com/vladsch/flexmark/flexmark-util-sequence/0.64.0/flexmark-util-sequence-0.64.0.jar:/home/vissol/.m2/repository/com/vladsch/flexmark/flexmark-util-visitor/0.64.0/flexmark-util-visitor-0.64.0.jar:/home/vissol/.m2/repository/com/vladsch/flexmark/flexmark-youtrack-converter/0.64.0/flexmark-youtrack-converter-0.64.0.jar:/home/vissol/.m2/repository/org/junit/jupiter/junit-jupiter-api/5.3.1/junit-jupiter-api-5.3.1.jar:/home/vissol/.m2/repository/org/apiguardian/apiguardian-api/1.0.0/apiguardian-api-1.0.0.jar:/home/vissol/.m2/repository/org/opentest4j/opentest4j/1.1.1/opentest4j-1.1.1.jar:/home/vissol/.m2/repository/org/junit/platform/junit-platform-commons/1.3.1/junit-platform-commons-1.3.1.jar:/home/vissol/.m2/repository/org/junit/jupiter/junit-jupiter-params/5.3.1/junit-jupiter-params-5.3.1.jar:/home/vissol/.m2/repository/org/junit/jupiter/junit-jupiter-engine/5.3.1/junit-jupiter-engine-5.3.1.jar:/home/vissol/.m2/repository/org/junit/platform/junit-platform-engine/1.3.1/junit-platform-engine-1.3.1.jar:"/>
    <property name="java.vm.vendor" value="Oracle Corporation"/>
    <property name="sun.arch.data.model" value="64"/>
    <property name="java.vendor.url" value="https://java.oracle.com/"/>
    <property name="user.timezone" value="Europe/Luxembourg"/>
    <property name="os.name" value="Linux"/>
    <property name="java.vm.specification.version" value="18"/>
    <property name="sun.java.launcher" value="SUN_STANDARD"/>
    <property name="user.country" value="US"/>
    <property name="sun.boot.library.path" value="/home/vissol/softs/jdk-18/lib"/>
    <property name="sun.java.command" value="/home/vissol/softs/dev-projects/website-publisher/target/surefire/surefirebooter8708600136423797616.jar /home/vissol/softs/dev-projects/website-publisher/target/surefire 2023-01-25T14-59-46_354-jvmRun1 surefire5069821058757218315tmp surefire_014411858513169891123tmp"/>
    <property name="jdk.debug" value="release"/>
    <property name="surefire.test.class.path" value="/home/vissol/softs/dev-projects/website-publisher/target/test-classes:/home/vissol/softs/dev-projects/website-publisher/target/classes:/home/vissol/.m2/repository/org/apache/velocity/velocity/1.7/velocity-1.7.jar:/home/vissol/.m2/repository/commons-collections/commons-collections/3.2.1/commons-collections-3.2.1.jar:/home/vissol/.m2/repository/commons-lang/commons-lang/2.4/commons-lang-2.4.jar:/home/vissol/.m2/repository/org/jsoup/jsoup/1.14.3/jsoup-1.14.3.jar:/home/vissol/.m2/repository/com/vladsch/flexmark/flexmark-all/0.64.0/flexmark-all-0.64.0.jar:/home/vissol/.m2/repository/com/vladsch/flexmark/flexmark/0.64.0/flexmark-0.64.0.jar:/home/vissol/.m2/repository/com/vladsch/flexmark/flexmark-ext-abbreviation/0.64.0/flexmark-ext-abbreviation-0.64.0.jar:/home/vissol/.m2/repository/com/vladsch/flexmark/flexmark-util/0.64.0/flexmark-util-0.64.0.jar:/home/vissol/.m2/repository/com/vladsch/flexmark/flexmark-ext-admonition/0.64.0/flexmark-ext-admonition-0.64.0.jar:/home/vissol/.m2/repository/com/vladsch/flexmark/flexmark-ext-anchorlink/0.64.0/flexmark-ext-anchorlink-0.64.0.jar:/home/vissol/.m2/repository/com/vladsch/flexmark/flexmark-ext-aside/0.64.0/flexmark-ext-aside-0.64.0.jar:/home/vissol/.m2/repository/com/vladsch/flexmark/flexmark-ext-attributes/0.64.0/flexmark-ext-attributes-0.64.0.jar:/home/vissol/.m2/repository/com/vladsch/flexmark/flexmark-ext-autolink/0.64.0/flexmark-ext-autolink-0.64.0.jar:/home/vissol/.m2/repository/org/nibor/autolink/autolink/0.6.0/autolink-0.6.0.jar:/home/vissol/.m2/repository/com/vladsch/flexmark/flexmark-ext-definition/0.64.0/flexmark-ext-definition-0.64.0.jar:/home/vissol/.m2/repository/com/vladsch/flexmark/flexmark-ext-emoji/0.64.0/flexmark-ext-emoji-0.64.0.jar:/home/vissol/.m2/repository/com/vladsch/flexmark/flexmark-ext-enumerated-reference/0.64.0/flexmark-ext-enumerated-reference-0.64.0.jar:/home/vissol/.m2/repository/com/vladsch/flexmark/flexmark-ext-escaped-character/0.64.0/flexmark-ext-escaped-character-0.64.0.jar:/home/vissol/.m2/repository/com/vladsch/flexmark/flexmark-ext-footnotes/0.64.0/flexmark-ext-footnotes-0.64.0.jar:/home/vissol/.m2/repository/com/vladsch/flexmark/flexmark-ext-gfm-issues/0.64.0/flexmark-ext-gfm-issues-0.64.0.jar:/home/vissol/.m2/repository/com/vladsch/flexmark/flexmark-ext-gfm-strikethrough/0.64.0/flexmark-ext-gfm-strikethrough-0.64.0.jar:/home/vissol/.m2/repository/com/vladsch/flexmark/flexmark-ext-gfm-tasklist/0.64.0/flexmark-ext-gfm-tasklist-0.64.0.jar:/home/vissol/.m2/repository/com/vladsch/flexmark/flexmark-ext-gfm-users/0.64.0/flexmark-ext-gfm-users-0.64.0.jar:/home/vissol/.m2/repository/com/vladsch/flexmark/flexmark-ext-gitlab/0.64.0/flexmark-ext-gitlab-0.64.0.jar:/home/vissol/.m2/repository/com/vladsch/flexmark/flexmark-ext-jekyll-front-matter/0.64.0/flexmark-ext-jekyll-front-matter-0.64.0.jar:/home/vissol/.m2/repository/com/vladsch/flexmark/flexmark-ext-jekyll-tag/0.64.0/flexmark-ext-jekyll-tag-0.64.0.jar:/home/vissol/.m2/repository/com/vladsch/flexmark/flexmark-ext-media-tags/0.64.0/flexmark-ext-media-tags-0.64.0.jar:/home/vissol/.m2/repository/com/vladsch/flexmark/flexmark-ext-resizable-image/0.64.0/flexmark-ext-resizable-image-0.64.0.jar:/home/vissol/.m2/repository/com/vladsch/flexmark/flexmark-ext-macros/0.64.0/flexmark-ext-macros-0.64.0.jar:/home/vissol/.m2/repository/com/vladsch/flexmark/flexmark-ext-ins/0.64.0/flexmark-ext-ins-0.64.0.jar:/home/vissol/.m2/repository/com/vladsch/flexmark/flexmark-ext-xwiki-macros/0.64.0/flexmark-ext-xwiki-macros-0.64.0.jar:/home/vissol/.m2/repository/com/vladsch/flexmark/flexmark-ext-superscript/0.64.0/flexmark-ext-superscript-0.64.0.jar:/home/vissol/.m2/repository/com/vladsch/flexmark/flexmark-ext-tables/0.64.0/flexmark-ext-tables-0.64.0.jar:/home/vissol/.m2/repository/com/vladsch/flexmark/flexmark-ext-toc/0.64.0/flexmark-ext-toc-0.64.0.jar:/home/vissol/.m2/repository/com/vladsch/flexmark/flexmark-ext-typographic/0.64.0/flexmark-ext-typographic-0.64.0.jar:/home/vissol/.m2/repository/com/vladsch/flexmark/flexmark-ext-wikilink/0.64.0/flexmark-ext-wikilink-0.64.0.jar:/home/vissol/.m2/repository/com/vladsch/flexmark/flexmark-ext-yaml-front-matter/0.64.0/flexmark-ext-yaml-front-matter-0.64.0.jar:/home/vissol/.m2/repository/com/vladsch/flexmark/flexmark-ext-youtube-embedded/0.64.0/flexmark-ext-youtube-embedded-0.64.0.jar:/home/vissol/.m2/repository/com/vladsch/flexmark/flexmark-html2md-converter/0.64.0/flexmark-html2md-converter-0.64.0.jar:/home/vissol/.m2/repository/com/vladsch/flexmark/flexmark-jira-converter/0.64.0/flexmark-jira-converter-0.64.0.jar:/home/vissol/.m2/repository/com/vladsch/flexmark/flexmark-pdf-converter/0.64.0/flexmark-pdf-converter-0.64.0.jar:/home/vissol/.m2/repository/com/openhtmltopdf/openhtmltopdf-core/1.0.10/openhtmltopdf-core-1.0.10.jar:/home/vissol/.m2/repository/com/openhtmltopdf/openhtmltopdf-pdfbox/1.0.10/openhtmltopdf-pdfbox-1.0.10.jar:/home/vissol/.m2/repository/org/apache/pdfbox/pdfbox/2.0.24/pdfbox-2.0.24.jar:/home/vissol/.m2/repository/org/apache/pdfbox/fontbox/2.0.24/fontbox-2.0.24.jar:/home/vissol/.m2/repository/commons-logging/commons-logging/1.2/commons-logging-1.2.jar:/home/vissol/.m2/repository/org/apache/pdfbox/xmpbox/2.0.24/xmpbox-2.0.24.jar:/home/vissol/.m2/repository/de/rototor/pdfbox/graphics2d/0.32/graphics2d-0.32.jar:/home/vissol/.m2/repository/com/openhtmltopdf/openhtmltopdf-rtl-support/1.0.10/openhtmltopdf-rtl-support-1.0.10.jar:/home/vissol/.m2/repository/com/ibm/icu/icu4j/59.1/icu4j-59.1.jar:/home/vissol/.m2/repository/com/openhtmltopdf/openhtmltopdf-jsoup-dom-converter/1.0.0/openhtmltopdf-jsoup-dom-converter-1.0.0.jar:/home/vissol/.m2/repository/com/vladsch/flexmark/flexmark-profile-pegdown/0.64.0/flexmark-profile-pegdown-0.64.0.jar:/home/vissol/.m2/repository/com/vladsch/flexmark/flexmark-util-ast/0.64.0/flexmark-util-ast-0.64.0.jar:/home/vissol/.m2/repository/org/jetbrains/annotations/15.0/annotations-15.0.jar:/home/vissol/.m2/repository/com/vladsch/flexmark/flexmark-util-builder/0.64.0/flexmark-util-builder-0.64.0.jar:/home/vissol/.m2/repository/com/vladsch/flexmark/flexmark-util-collection/0.64.0/flexmark-util-collection-0.64.0.jar:/home/vissol/.m2/repository/com/vladsch/flexmark/flexmark-util-data/0.64.0/flexmark-util-data-0.64.0.jar:/home/vissol/.m2/repository/com/vladsch/flexmark/flexmark-util-dependency/0.64.0/flexmark-util-dependency-0.64.0.jar:/home/vissol/.m2/repository/com/vladsch/flexmark/flexmark-util-format/0.64.0/flexmark-util-format-0.64.0.jar:/home/vissol/.m2/repository/com/vladsch/flexmark/flexmark-util-html/0.64.0/flexmark-util-html-0.64.0.jar:/home/vissol/.m2/repository/com/vladsch/flexmark/flexmark-util-misc/0.64.0/flexmark-util-misc-0.64.0.jar:/home/vissol/.m2/repository/com/vladsch/flexmark/flexmark-util-options/0.64.0/flexmark-util-options-0.64.0.jar:/home/vissol/.m2/repository/com/vladsch/flexmark/flexmark-util-sequence/0.64.0/flexmark-util-sequence-0.64.0.jar:/home/vissol/.m2/repository/com/vladsch/flexmark/flexmark-util-visitor/0.64.0/flexmark-util-visitor-0.64.0.jar:/home/vissol/.m2/repository/com/vladsch/flexmark/flexmark-youtrack-converter/0.64.0/flexmark-youtrack-converter-0.64.0.jar:/home/vissol/.m2/repository/org/junit/jupiter/junit-jupiter-api/5.3.1/junit-jupiter-api-5.3.1.jar:/home/vissol/.m2/repository/org/apiguardian/apiguardian-api/1.0.0/apiguardian-api-1.0.0.jar:/home/vissol/.m2/repository/org/opentest4j/opentest4j/1.1.1/opentest4j-1.1.1.jar:/home/vissol/.m2/repository/org/junit/platform/junit-platform-commons/1.3.1/junit-platform-commons-1.3.1.jar:/home/vissol/.m2/repository/org/junit/jupiter/junit-jupiter-params/5.3.1/junit-jupiter-params-5.3.1.jar:/home/vissol/.m2/repository/org/junit/jupiter/junit-jupiter-engine/5.3.1/junit-jupiter-engine-5.3.1.jar:/home/vissol/.m2/repository/org/junit/platform/junit-platform-engine/1.3.1/junit-platform-engine-1.3.1.jar:"/>
    <property name="sun.cpu.endian" value="little"/>
    <property name="user.home" value="/home/vissol"/>
    <property name="user.language" value="en"/>
    <property name="java.specification.vendor" value="Oracle Corporation"/>
    <property name="java.version.date" value="2022-03-22"/>
    <property name="java.home" value="/home/vissol/softs/jdk-18"/>
    <property name="file.separator" value="/"/>
    <property name="basedir" value="/home/vissol/softs/dev-projects/website-publisher"/>
    <property name="java.vm.compressedOopsMode" value="Zero based"/>
    <property name="line.separator" value="&#10;"/>
    <property name="java.vm.specification.vendor" value="Oracle Corporation"/>
    <property name="java.specification.name" value="Java Platform API Specification"/>
    <property name="surefire.real.class.path" value="/home/vissol/softs/dev-projects/website-publisher/target/surefire/surefirebooter8708600136423797616.jar"/>
    <property name="sun.management.compiler" value="HotSpot 64-Bit Tiered Compilers"/>
    <property name="java.runtime.version" value="18+36-2087"/>
    <property name="user.name" value="vissol"/>
    <property name="path.separator" value=":"/>
    <property name="os.version" value="5.10.0-21-amd64"/>
    <property name="java.runtime.name" value="OpenJDK Runtime Environment"/>
    <property name="file.encoding" value="UTF-8"/>
    <property name="java.vm.name" value="OpenJDK 64-Bit Server VM"/>
    <property name="localRepository" value="/home/vissol/.m2/repository"/>
    <property name="java.vendor.url.bug" value="https://bugreport.java.com/bugreport/"/>
    <property name="java.io.tmpdir" value="/tmp"/>
    <property name="java.version" value="18"/>
    <property name="user.dir" value="/home/vissol/softs/dev-projects/website-publisher"/>
    <property name="os.arch" value="amd64"/>
    <property name="java.vm.specification.name" value="Java Virtual Machine Specification"/>
    <property name="native.encoding" value="UTF-8"/>
    <property name="java.library.path" value="/usr/java/packages/lib:/usr/lib64:/lib64:/lib:/usr/lib"/>
    <property name="java.vm.info" value="mixed mode, sharing"/>
    <property name="java.vendor" value="Oracle Corporation"/>
    <property name="java.vm.version" value="18+36-2087"/>
    <property name="sun.io.unicode.encoding" value="UnicodeLittle"/>
    <property name="java.class.version" value="62.0"/>
  </properties>
  <testcase name="testConvert" classname="org.angrybee.website.publish.utils.FileUtilsTest" time="0.01">
    <system-err><![CDATA[Jan 25, 2023 2:59:47 PM org.angrybee.website.publish.utils.FileUtilsTest testConvert
INFO: /tmp/test.txt
Jan 25, 2023 2:59:47 PM org.angrybee.website.publish.utils.FileUtilsTest testConvert
INFO: /tmp/test-copy.txt
]]></system-err>
  </testcase>
  <testcase name="testDelDir" classname="org.angrybee.website.publish.utils.FileUtilsTest" time="0.006">
    <system-err><![CDATA[Jan 25, 2023 2:59:47 PM org.angrybee.website.publish.utils.FileUtilsTest testDelDir
INFO: /tmp/fileutils/fileutils
Jan 25, 2023 2:59:47 PM org.angrybee.website.publish.utils.FileUtilsTest testDelDir
INFO: /tmp/fileutils/test.txt
Jan 25, 2023 2:59:47 PM org.angrybee.website.publish.utils.FileUtilsTest testDelDir
INFO: /tmp/fileutils/fileutils/test.txt
]]></system-err>
  </testcase>
</testsuite>